{
  "stats": {
    "suites": 1,
    "tests": 1,
    "passes": 1,
    "pending": 0,
    "failures": 0,
    "start": "2021-04-19T01:43:14.990Z",
    "end": "2021-04-19T01:43:18.143Z",
    "duration": 3153,
    "testsRegistered": 1,
    "passPercent": 100,
    "pendingPercent": 0,
    "other": 0,
    "hasOther": false,
    "skipped": 0,
    "hasSkipped": false
  },
  "results": [
    {
      "uuid": "c74cb1ba-93a6-4b3c-8fc9-661100e218a9",
      "title": "",
      "fullFile": "cypress/integration/brand/create_brand.spec.js",
      "file": "cypress/integration/brand/create_brand.spec.js",
      "beforeHooks": [],
      "afterHooks": [],
      "tests": [],
      "suites": [
        {
          "uuid": "a8828ffd-6c8c-4a00-a02c-5a36e4cd65e8",
          "title": "Create a Brand for v1 endpoint",
          "fullFile": "",
          "file": "",
          "beforeHooks": [],
          "afterHooks": [],
          "tests": [
            {
              "title": "Create a brand",
              "fullTitle": "Create a Brand for v1 endpoint Create a brand",
              "timedOut": null,
              "duration": 3100,
              "state": "passed",
              "speed": "slow",
              "pass": true,
              "fail": false,
              "pending": false,
              "context": null,
              "code": "cy.get('@brand').then(brand => {\n  cy.createBrand(brand);\n});",
              "err": {},
              "uuid": "94eaf906-363d-4bf4-b11d-cd23ca151138",
              "parentUUID": "a8828ffd-6c8c-4a00-a02c-5a36e4cd65e8",
              "isHook": false,
              "skipped": false
            }
          ],
          "suites": [],
          "passes": [
            "94eaf906-363d-4bf4-b11d-cd23ca151138"
          ],
          "failures": [],
          "pending": [],
          "skipped": [],
          "duration": 3100,
          "root": false,
          "rootEmpty": false,
          "_timeout": 2000
        }
      ],
      "passes": [],
      "failures": [],
      "pending": [],
      "skipped": [],
      "duration": 0,
      "root": true,
      "rootEmpty": true,
      "_timeout": 2000
    }
  ],
  "meta": {
    "mocha": {
      "version": "7.0.1"
    },
    "mochawesome": {
      "options": {
        "quiet": false,
        "reportFilename": "report",
        "saveHtml": false,
        "saveJson": true,
        "consoleReporter": "spec",
        "useInlineDiffs": false,
        "code": true
      },
      "version": "6.2.2"
    },
    "marge": {
      "options": {
        "charts": true,
        "html": false,
        "json": true,
        "reportDir": "cypress/reports",
        "reportFilename": "report",
        "overwrite": false,
        "cdn": true,
        "timestamp": "mmddyyyy_HHMMss"
      },
      "version": "5.2.0"
    }
  }
}