{
  "stats": {
    "suites": 1,
    "tests": 1,
    "passes": 1,
    "pending": 0,
    "failures": 0,
    "start": "2021-04-19T01:48:25.199Z",
    "end": "2021-04-19T01:49:10.558Z",
    "duration": 45359,
    "testsRegistered": 1,
    "passPercent": 100,
    "pendingPercent": 0,
    "other": 0,
    "hasOther": false,
    "skipped": 0,
    "hasSkipped": false
  },
  "results": [
    {
      "uuid": "c7124639-06b3-4cd8-81b6-efe7ada34f74",
      "title": "",
      "fullFile": "cypress/integration/women/women_dresses.spec.js",
      "file": "cypress/integration/women/women_dresses.spec.js",
      "beforeHooks": [],
      "afterHooks": [],
      "tests": [],
      "suites": [
        {
          "uuid": "644b4b24-c7c9-41a0-ac43-14c3da0557d6",
          "title": "Add two women dresses on sale to the cart",
          "fullFile": "",
          "file": "",
          "beforeHooks": [],
          "afterHooks": [],
          "tests": [
            {
              "title": "should add the women dresses from the list",
              "fullTitle": "Add two women dresses on sale to the cart should add the women dresses from the list",
              "timedOut": null,
              "duration": 45325,
              "state": "passed",
              "speed": "slow",
              "pass": true,
              "fail": false,
              "pending": false,
              "context": null,
              "code": "let [gender, category] = ['Women', 'Dresses'];\ncy.searchItemAndOpenPage(gender, category, \"Printed Summer Dress\");\ncy.addItemToCart();\ncy.continueShopping();\ncy.goToDresses(gender, category);\ncy.searchItemAndOpenPage(gender, category, \"Printed Chiffon Dress\");\ncy.addItemToCart();\ncy.proceedToCheckout();\ncy.validateTotalPrice('$47.38');",
              "err": {},
              "uuid": "f62154d0-f887-49af-86e9-5c70c185a0dc",
              "parentUUID": "644b4b24-c7c9-41a0-ac43-14c3da0557d6",
              "isHook": false,
              "skipped": false
            }
          ],
          "suites": [],
          "passes": [
            "f62154d0-f887-49af-86e9-5c70c185a0dc"
          ],
          "failures": [],
          "pending": [],
          "skipped": [],
          "duration": 45325,
          "root": false,
          "rootEmpty": false,
          "_timeout": 2000
        }
      ],
      "passes": [],
      "failures": [],
      "pending": [],
      "skipped": [],
      "duration": 0,
      "root": true,
      "rootEmpty": true,
      "_timeout": 2000
    }
  ],
  "meta": {
    "mocha": {
      "version": "7.0.1"
    },
    "mochawesome": {
      "options": {
        "quiet": false,
        "reportFilename": "report",
        "saveHtml": false,
        "saveJson": true,
        "consoleReporter": "spec",
        "useInlineDiffs": false,
        "code": true
      },
      "version": "6.2.2"
    },
    "marge": {
      "options": {
        "charts": true,
        "html": false,
        "json": true,
        "reportDir": "cypress/reports",
        "reportFilename": "report",
        "overwrite": false,
        "cdn": true,
        "timestamp": "mmddyyyy_HHMMss"
      },
      "version": "5.2.0"
    }
  }
}